<?xml version="1.0" encoding="UTF-8"?>
<!-- Generated by org.testng.reporters.JUnitXMLReporter -->
<testsuite ignored="0" hostname="Raramuri" failures="0" tests="9" name="Default test" time="2.085" errors="0" timestamp="11 Mar 2021 11:10:56 GMT">
  <testcase classname="com.zopSmart.genericUtil.TestScripts" name="test" time="0.049"/>
  <testcase classname="com.zopSmart.genericUtil.TestScripts" name="test" time="0.029"/>
  <testcase classname="com.zopSmart.genericUtil.TestScripts" name="test" time="0.02"/>
  <testcase classname="com.zopSmart.genericUtil.TestScripts" name="test" time="0.019"/>
  <testcase classname="com.zopSmart.genericUtil.TestScripts" name="test" time="0.021"/>
  <testcase classname="com.zopSmart.genericUtil.TestScripts" name="test" time="0.021"/>
  <testcase classname="com.zopSmart.genericUtil.TestScripts" name="test" time="0.021"/>
  <testcase classname="com.zopSmart.genericUtil.TestScripts" name="test" time="0.02"/>
  <testcase classname="com.zopSmart.genericUtil.TestScripts" name="test" time="0.02"/>
</testsuite> <!-- Default test -->
