<?xml version="1.0" encoding="UTF-8"?>
<!-- Generated by org.testng.reporters.JUnitXMLReporter -->
<testsuite ignored="0" hostname="Raramuri" failures="0" tests="9" name="Default test" time="2.201" errors="0" timestamp="11 Mar 2021 09:32:53 GMT">
  <testcase classname="com.zopSmart.genericUtil.Demo" name="test" time="0.057"/>
  <testcase classname="com.zopSmart.genericUtil.Demo" name="test" time="0.026"/>
  <testcase classname="com.zopSmart.genericUtil.Demo" name="test" time="0.02"/>
  <testcase classname="com.zopSmart.genericUtil.Demo" name="test" time="0.022"/>
  <testcase classname="com.zopSmart.genericUtil.Demo" name="test" time="0.02"/>
  <testcase classname="com.zopSmart.genericUtil.Demo" name="test" time="0.02"/>
  <testcase classname="com.zopSmart.genericUtil.Demo" name="test" time="0.02"/>
  <testcase classname="com.zopSmart.genericUtil.Demo" name="test" time="0.019"/>
  <testcase classname="com.zopSmart.genericUtil.Demo" name="test" time="0.019"/>
</testsuite> <!-- Default test -->
