<?xml version="1.0" encoding="UTF-8"?>
<testng-results ignored="0" total="9" passed="9" failed="0" skipped="0">
  <reporter-output>
  </reporter-output>
  <suite started-at="2021-03-11T11:10:54Z" name="Default suite" finished-at="2021-03-11T11:10:56Z" duration-ms="2085">
    <groups>
    </groups>
    <test started-at="2021-03-11T11:10:54Z" name="Default test" finished-at="2021-03-11T11:10:56Z" duration-ms="2085">
      <class name="com.zopSmart.genericUtil.TestScripts">
        <test-method signature="test(java.lang.String, java.lang.String)[pri:0, instance:com.zopSmart.genericUtil.TestScripts@3cebbb30]" started-at="2021-03-11T11:10:56Z" name="test" data-provider="getData" finished-at="2021-03-11T11:10:56Z" duration-ms="49" status="PASS">
          <params>
            <param index="0">
              <value>
                <![CDATA[application/json;{ 
“banner”:”Ralphs”,
”emailaddress”:”zubaira137@gmail.com”
}]]>
              </value>
            </param>
            <param index="1">
              <value>
                <![CDATA[application/json;Ralphs;zubaira137@gmail.com]]>
              </value>
            </param>
          </params>
          <reporter-output>
          </reporter-output>
        </test-method> <!-- test -->
        <test-method signature="test(java.lang.String, java.lang.String)[pri:0, instance:com.zopSmart.genericUtil.TestScripts@3cebbb30]" started-at="2021-03-11T11:10:56Z" name="test" data-provider="getData" finished-at="2021-03-11T11:10:56Z" duration-ms="29" status="PASS">
          <params>
            <param index="0">
              <value>
                <![CDATA[application/json;{
“banner”:”Dillons”
}]]>
              </value>
            </param>
            <param index="1">
              <value>
                <![CDATA[application/json;Ralphs;empty]]>
              </value>
            </param>
          </params>
          <reporter-output>
          </reporter-output>
        </test-method> <!-- test -->
        <test-method signature="test(java.lang.String, java.lang.String)[pri:0, instance:com.zopSmart.genericUtil.TestScripts@3cebbb30]" started-at="2021-03-11T11:10:56Z" name="test" data-provider="getData" finished-at="2021-03-11T11:10:56Z" duration-ms="20" status="PASS">
          <params>
            <param index="0">
              <value>
                <![CDATA[application/json;{
“emailaddress”:”zubaira137@gmail.com”
}]]>
              </value>
            </param>
            <param index="1">
              <value>
                <![CDATA[application/json;empty;zubaira137@gmail.com]]>
              </value>
            </param>
          </params>
          <reporter-output>
          </reporter-output>
        </test-method> <!-- test -->
        <test-method signature="test(java.lang.String, java.lang.String)[pri:0, instance:com.zopSmart.genericUtil.TestScripts@3cebbb30]" started-at="2021-03-11T11:10:56Z" name="test" data-provider="getData" finished-at="2021-03-11T11:10:56Z" duration-ms="19" status="PASS">
          <params>
            <param index="0">
              <value>
                <![CDATA[application/json;{
“phonenumber”:”+49-812345695”
}]]>
              </value>
            </param>
            <param index="1">
              <value>
                <![CDATA[application/json;empty;empty]]>
              </value>
            </param>
          </params>
          <reporter-output>
          </reporter-output>
        </test-method> <!-- test -->
        <test-method signature="test(java.lang.String, java.lang.String)[pri:0, instance:com.zopSmart.genericUtil.TestScripts@3cebbb30]" started-at="2021-03-11T11:10:56Z" name="test" data-provider="getData" finished-at="2021-03-11T11:10:56Z" duration-ms="21" status="PASS">
          <params>
            <param index="0">
              <value>
                <![CDATA[application/json;{ 
“banner”:”Kohl’s” ,
“emailaddress”:”zubaira137@gmail.com”
}]]>
              </value>
            </param>
            <param index="1">
              <value>
                <![CDATA[application/json;Ralphs;zubaira137@gmail.com]]>
              </value>
            </param>
          </params>
          <reporter-output>
          </reporter-output>
        </test-method> <!-- test -->
        <test-method signature="test(java.lang.String, java.lang.String)[pri:0, instance:com.zopSmart.genericUtil.TestScripts@3cebbb30]" started-at="2021-03-11T11:10:56Z" name="test" data-provider="getData" finished-at="2021-03-11T11:10:56Z" duration-ms="21" status="PASS">
          <params>
            <param index="0">
              <value>
                <![CDATA[application/json;{ 
“banner”:”Ralphs” ,
“emailaddress”:”xyz123@gmail.com”
}]]>
              </value>
            </param>
            <param index="1">
              <value>
                <![CDATA[application/json;Ralphs;zubaira137@gmail.com]]>
              </value>
            </param>
          </params>
          <reporter-output>
          </reporter-output>
        </test-method> <!-- test -->
        <test-method signature="test(java.lang.String, java.lang.String)[pri:0, instance:com.zopSmart.genericUtil.TestScripts@3cebbb30]" started-at="2021-03-11T11:10:56Z" name="test" data-provider="getData" finished-at="2021-03-11T11:10:56Z" duration-ms="21" status="PASS">
          <params>
            <param index="0">
              <value>
                <![CDATA[application/json;{ 
“banner”:323232 ,
“emailaddress”:”zubaira137@gmail.com”
}]]>
              </value>
            </param>
            <param index="1">
              <value>
                <![CDATA[application/json;Ralphs;zubaira137@gmail.com]]>
              </value>
            </param>
          </params>
          <reporter-output>
          </reporter-output>
        </test-method> <!-- test -->
        <test-method signature="test(java.lang.String, java.lang.String)[pri:0, instance:com.zopSmart.genericUtil.TestScripts@3cebbb30]" started-at="2021-03-11T11:10:56Z" name="test" data-provider="getData" finished-at="2021-03-11T11:10:56Z" duration-ms="20" status="PASS">
          <params>
            <param index="0">
              <value>
                <![CDATA[application/json;{ 
“banner”:”Ralphs” ,
“emailaddress”:3434343
}]]>
              </value>
            </param>
            <param index="1">
              <value>
                <![CDATA[application/json;Ralphs;zubaira137@gmail.com]]>
              </value>
            </param>
          </params>
          <reporter-output>
          </reporter-output>
        </test-method> <!-- test -->
        <test-method signature="test(java.lang.String, java.lang.String)[pri:0, instance:com.zopSmart.genericUtil.TestScripts@3cebbb30]" started-at="2021-03-11T11:10:56Z" name="test" data-provider="getData" finished-at="2021-03-11T11:10:56Z" duration-ms="20" status="PASS">
          <params>
            <param index="0">
              <value>
                <![CDATA[text;{ 
“banner”:”Ralphs”,
”emailaddress”:”zubaira137@gmail.com”
}]]>
              </value>
            </param>
            <param index="1">
              <value>
                <![CDATA[application/json;Ralphs;zubaira137@gmail.com]]>
              </value>
            </param>
          </params>
          <reporter-output>
          </reporter-output>
        </test-method> <!-- test -->
      </class> <!-- com.zopSmart.genericUtil.TestScripts -->
    </test> <!-- Default test -->
  </suite> <!-- Default suite -->
</testng-results>
